TN:
SF:script/Counter.s.sol
DA:7,0
FN:7,CounterScript.setUp
FNDA:0,CounterScript.setUp
DA:9,0
FN:9,CounterScript.run
FNDA:0,CounterScript.run
DA:10,0
FNF:2
FNH:0
LF:3
LH:0
BRF:0
BRH:0
end_of_record
TN:
SF:src/SpritzPayCore.sol
DA:47,12904
FN:47,SpritzPayCore._guardInitializeOwner
FNDA:12904,SpritzPayCore._guardInitializeOwner
DA:48,12904
DA:51,12899
FN:51,SpritzPayCore.initialize
FNDA:12899,SpritzPayCore.initialize
DA:52,12899
DA:67,271454
FN:67,SpritzPayCore.pay
FNDA:271454,SpritzPayCore.pay
DA:75,271454
DA:76,271454
DA:77,12901
BRDA:77,0,0,12901
DA:79,258553
DA:81,258552
DA:96,6
FN:96,SpritzPayCore.acceptedPaymentTokens
FNDA:6,SpritzPayCore.acceptedPaymentTokens
DA:97,6
DA:104,260
FN:104,SpritzPayCore.isAcceptedToken
FNDA:260,SpritzPayCore.isAcceptedToken
DA:105,260
DA:112,259
FN:112,SpritzPayCore.paymentRecipient
FNDA:259,SpritzPayCore.paymentRecipient
DA:113,259
DA:119,13812
FN:119,SpritzPayCore.addPaymentToken
FNDA:13812,SpritzPayCore.addPaymentToken
DA:120,857
BRDA:120,1,0,1
DA:121,856
BRDA:121,2,0,1
DA:122,855
DA:123,855
DA:129,12724
FN:129,SpritzPayCore.removePaymentToken
FNDA:12724,SpritzPayCore.removePaymentToken
DA:130,3
DA:139,13113
FN:139,SpritzPayCore.sweep
FNDA:13113,SpritzPayCore.sweep
DA:140,259
DA:141,259
BRDA:141,3,0,247
DA:142,247
FNF:9
FNH:9
LF:27
LH:27
BRF:4
BRH:4
end_of_record
TN:
SF:src/SpritzRouter.sol
DA:46,40
FN:46,SpritzRouter.constructor
FNDA:40,SpritzRouter.constructor
DA:47,40
BRDA:47,0,0,1
DA:48,39
DA:52,39
FN:52,SpritzRouter._guardInitializeOwner
FNDA:39,SpritzRouter._guardInitializeOwner
DA:53,39
DA:59,40
FN:59,SpritzRouter.initialize
FNDA:40,SpritzRouter.initialize
DA:60,40
BRDA:60,1,0,1
DA:61,39
DA:69,37
FN:69,SpritzRouter.setSwapModule
FNDA:37,SpritzRouter.setSwapModule
DA:70,36
DA:80,257517
FN:80,SpritzRouter.payWithToken.0
FNDA:257517,SpritzRouter.payWithToken.0
DA:81,257517
DA:82,257516
DA:91,774
FN:91,SpritzRouter.payWithToken.1
FNDA:774,SpritzRouter.payWithToken.1
DA:97,774
DA:108,258
DA:110,258
DA:122,257
FN:122,SpritzRouter.payOnBehalf
FNDA:257,SpritzRouter.payOnBehalf
DA:129,257
DA:140,257
DA:142,257
DA:152,1
FN:152,SpritzRouter.payWithSwapOnBehalf
FNDA:1,SpritzRouter.payWithSwapOnBehalf
DA:159,1
DA:161,1
DA:172,1
DA:179,1
DA:189,6
FN:189,SpritzRouter.payWithSwap.0
FNDA:6,SpritzRouter.payWithSwap.0
DA:194,6
DA:196,4
DA:203,4
DA:212,2
FN:212,SpritzRouter.payWithSwap.1
FNDA:2,SpritzRouter.payWithSwap.1
DA:218,2
DA:220,2
DA:231,1
DA:238,1
DA:246,1
FN:246,SpritzRouter.payWithNativeSwap
FNDA:1,SpritzRouter.payWithNativeSwap
DA:251,1
DA:253,1
DA:265,1
DA:267,1
DA:276,3
FN:276,SpritzRouter.sweep
FNDA:3,SpritzRouter.sweep
DA:277,2
DA:278,2
BRDA:278,2,0,1
DA:279,1
DA:286,10
FN:286,SpritzRouter._validateSwap
FNDA:10,SpritzRouter._validateSwap
DA:287,10
BRDA:287,3,0,1
DA:288,9
BRDA:288,4,0,1
DA:292,6
FN:292,SpritzRouter._executeSwapAndPay
FNDA:6,SpritzRouter._executeSwapAndPay
DA:298,6
DA:310,6
DA:312,6
DA:316,7
FN:316,SpritzRouter._validateAndPay
FNDA:7,SpritzRouter._validateAndPay
DA:323,7
BRDA:323,5,0,6
DA:324,6
BRDA:324,6,0,-
DA:325,0
DA:329,7
FNF:15
FNH:15
LF:56
LH:55
BRF:7
BRH:6
end_of_record
TN:
SF:src/test/ERC20Mock.sol
DA:7,123
FN:7,ERC20Mock.constructor
FNDA:123,ERC20Mock.constructor
DA:8,123
DA:11,258303
FN:11,ERC20Mock.mint
FNDA:258303,ERC20Mock.mint
DA:12,258303
DA:15,4
FN:15,ERC20Mock.burn
FNDA:4,ERC20Mock.burn
DA:16,4
FNF:3
FNH:3
LF:6
LH:6
BRF:0
BRH:0
end_of_record
TN:
SF:src/test/ERC20PermitMock.sol
DA:10,1033
FN:10,ERC20PermitMock.mint
FNDA:1033,ERC20PermitMock.mint
DA:11,1033
DA:14,2
FN:14,ERC20PermitMock.burn
FNDA:2,ERC20PermitMock.burn
DA:15,2
FNF:2
FNH:2
LF:4
LH:4
BRF:0
BRH:0
end_of_record
TN:
SF:src/test/SwapModuleMock.sol
DA:11,8
FN:11,SwapModuleMock.setSwapRate
FNDA:8,SwapModuleMock.setSwapRate
DA:12,8
DA:15,6
FN:15,SwapModuleMock.swap
FNDA:6,SwapModuleMock.swap
DA:16,6
DA:18,6
BRDA:18,0,0,5
BRDA:18,0,1,1
DA:19,5
DA:20,5
BRDA:20,1,0,-
DA:21,0
DA:24,5
DA:26,5
DA:27,5
BRDA:27,2,0,1
DA:28,1
DA:31,5
DA:33,5
DA:34,5
DA:36,1
DA:38,1
DA:39,1
DA:41,1
DA:42,1
DA:46,1
FN:46,SwapModuleMock.swapNative
FNDA:1,SwapModuleMock.swapNative
DA:47,1
BRDA:47,3,0,1
BRDA:47,3,1,-
DA:48,1
DA:49,1
BRDA:49,4,0,-
DA:50,0
DA:53,1
DA:55,1
DA:56,1
BRDA:56,5,0,-
DA:57,0
DA:58,0
BRDA:58,6,0,-
BRDA:58,6,1,-
DA:61,1
DA:62,1
DA:64,0
DA:66,0
DA:68,0
DA:69,0
FNF:3
FNH:3
LF:36
LH:28
BRF:10
BRH:4
end_of_record
TN:
SF:test/SpritzRouter.t.sol
DA:797,2
FN:797,SpritzRouterHandler.constructor
FNDA:2,SpritzRouterHandler.constructor
DA:798,2
DA:799,2
DA:800,2
DA:803,257000
FN:803,SpritzRouterHandler.pay
FNDA:257000,SpritzRouterHandler.pay
DA:804,257000
DA:806,257000
DA:807,257000
DA:809,257000
DA:810,257000
DA:812,257000
DA:813,257000
FNF:2
FNH:2
LF:12
LH:12
BRF:0
BRH:0
end_of_record
